2024-01-13 06:18:21 | INFO    | __main__:stash:131 | run - {'image': '20231121', 'version': '0.10.1.post2', 'role': 'EpicPlayer', 'headless': True}
2024-01-13 06:18:33 | INFO    | __main__:claim_epic_games:97 | Try to flush cookie - {'task': 'claim_epic_games'}
2024-01-13 06:18:35 | INFO    | epic_games.agent:_login:237 | login-with-email - {'url': 'https://www.epicgames.com/id/login?lang=en-US&noHostRedirect=true&redirectUrl=https://store.epicgames.com/en-US/free-games'}
2024-01-13 06:18:39 | DEBUG    | epic_games.agent:insert_challenge:215 | Attack challenge - {'stage': 'email_exists_prod'}
2024-01-13 06:18:39 | DEBUG    | hcaptcha_challenger.agents.playwright.control:_parse_label:241 | get task - {'prompt': 'Please click where the image appears broken or tampered with'}
2024-01-13 06:18:44 | DEBUG    | epic_games.agent:insert_challenge:218 | Parse result - {'stage': 'email_exists_prod', 'result': <Status.CHALLENGE_SUCCESS: 'success'>}
2024-01-13 06:18:49 | DEBUG    | epic_games.agent:insert_challenge:209 | Attack challenge - {'stage': 'login_prod'}
2024-01-13 06:18:49 | DEBUG    | hcaptcha_challenger.agents.playwright.control:_parse_label:241 | get task - {'prompt': 'Please click on all images of the heaviest animal species'}
2024-01-13 06:18:50 | DEBUG    | hcaptcha_challenger.agents.playwright.control:_catch_all_binary_challenge:474 | handle task - {'unsupervised': 'binary', 'candidate_labels': ['This is a picture that looks like please click on all images of the heaviest animal species.', "This is a picture that don't look like please click on all images of the heaviest animal species."], 'prompt': 'Please click on all images of the heaviest animal species', 'timit': '0.983s'}
2024-01-13 06:19:00 | DEBUG    | epic_games.agent:insert_challenge:218 | Parse result - {'stage': 'login_prod', 'result': <Status.CHALLENGE_RETRY: 'retry'>}
2024-01-13 06:19:03 | DEBUG    | hcaptcha_challenger.agents.playwright.control:_parse_label:241 | get task - {'prompt': 'Please click on all images of the heaviest animal species'}
2024-01-13 06:19:03 | DEBUG    | hcaptcha_challenger.agents.playwright.control:_catch_all_binary_challenge:474 | handle task - {'unsupervised': 'binary', 'candidate_labels': ['This is a picture that looks like please click on all images of the heaviest animal species.', "This is a picture that don't look like please click on all images of the heaviest animal species."], 'prompt': 'Please click on all images of the heaviest animal species', 'timit': '0.747s'}
2024-01-13 06:19:15 | DEBUG    | epic_games.agent:insert_challenge:218 | Parse result - {'stage': 'login_prod', 'result': <Status.CHALLENGE_RETRY: 'retry'>}
2024-01-13 06:19:22 | DEBUG    | hcaptcha_challenger.agents.playwright.control:_parse_label:241 | get task - {'prompt': 'Please click on all images οf the һeaviest animаl species'}
2024-01-13 06:19:23 | DEBUG    | hcaptcha_challenger.agents.playwright.control:_catch_all_binary_challenge:474 | handle task - {'unsupervised': 'binary', 'candidate_labels': ['This is a picture that looks like please click on all images of the heaviest animal species.', "This is a picture that don't look like please click on all images of the heaviest animal species."], 'prompt': 'Please click on all images οf the һeaviest animаl species', 'timit': '0.719s'}
2024-01-13 06:19:33 | DEBUG    | epic_games.agent:insert_challenge:218 | Parse result - {'stage': 'login_prod', 'result': <Status.CHALLENGE_RETRY: 'retry'>}
2024-01-13 06:19:36 | DEBUG    | hcaptcha_challenger.agents.playwright.control:_parse_label:241 | get task - {'prompt': 'Please click on all images of the heаviest animal species'}
2024-01-13 06:19:37 | DEBUG    | hcaptcha_challenger.agents.playwright.control:_catch_all_binary_challenge:474 | handle task - {'unsupervised': 'binary', 'candidate_labels': ['This is a picture that looks like please click on all images of the heaviest animal species.', "This is a picture that don't look like please click on all images of the heaviest animal species."], 'prompt': 'Please click on all images of the heаviest animal species', 'timit': '0.703s'}
2024-01-13 06:19:48 | DEBUG    | epic_games.agent:insert_challenge:218 | Parse result - {'stage': 'login_prod', 'result': <Status.CHALLENGE_RETRY: 'retry'>}
2024-01-13 06:19:55 | DEBUG    | hcaptcha_challenger.agents.playwright.control:_parse_label:241 | get task - {'prompt': 'Please click on all images of the һeaviеst animаl species'}
2024-01-13 06:19:56 | DEBUG    | hcaptcha_challenger.agents.playwright.control:_catch_all_binary_challenge:474 | handle task - {'unsupervised': 'binary', 'candidate_labels': ['This is a picture that looks like please click on all images of the heaviest animal species.', "This is a picture that don't look like please click on all images of the heaviest animal species."], 'prompt': 'Please click on all images of the һeaviеst animаl species', 'timit': '0.702s'}
2024-01-13 06:20:04 | DEBUG    | epic_games.agent:insert_challenge:218 | Parse result - {'stage': 'login_prod', 'result': <Status.CHALLENGE_RETRY: 'retry'>}
2024-01-13 06:20:08 | DEBUG    | hcaptcha_challenger.agents.playwright.control:_parse_label:241 | get task - {'prompt': 'Please click on аll images of the heavieѕt animal ѕpecies'}
2024-01-13 06:20:09 | DEBUG    | hcaptcha_challenger.agents.playwright.control:_catch_all_binary_challenge:474 | handle task - {'unsupervised': 'binary', 'candidate_labels': ['This is a picture that looks like please click on all images of the heaviest animal species.', "This is a picture that don't look like please click on all images of the heaviest animal species."], 'prompt': 'Please click on аll images of the heavieѕt animal ѕpecies', 'timit': '0.778s'}
2024-01-13 06:20:19 | DEBUG    | epic_games.agent:insert_challenge:218 | Parse result - {'stage': 'login_prod', 'result': <Status.CHALLENGE_RETRY: 'retry'>}
2024-01-13 06:20:25 | DEBUG    | hcaptcha_challenger.agents.playwright.control:_parse_label:241 | get task - {'prompt': 'Please click οn all images of the heaviest animal species'}
2024-01-13 06:20:26 | DEBUG    | hcaptcha_challenger.agents.playwright.control:_catch_all_binary_challenge:474 | handle task - {'unsupervised': 'binary', 'candidate_labels': ['This is a picture that looks like please click on all images of the heaviest animal species.', "This is a picture that don't look like please click on all images of the heaviest animal species."], 'prompt': 'Please click οn all images of the heaviest animal species', 'timit': '0.699s'}
2024-01-13 06:20:35 | DEBUG    | epic_games.agent:insert_challenge:218 | Parse result - {'stage': 'login_prod', 'result': <Status.CHALLENGE_RETRY: 'retry'>}
2024-01-13 06:20:38 | DEBUG    | hcaptcha_challenger.agents.playwright.control:_parse_label:241 | get task - {'prompt': 'Please click on all images οf the heaviest animal species'}
2024-01-13 06:20:38 | DEBUG    | hcaptcha_challenger.agents.playwright.control:_catch_all_binary_challenge:474 | handle task - {'unsupervised': 'binary', 'candidate_labels': ['This is a picture that looks like please click on all images of the heaviest animal species.', "This is a picture that don't look like please click on all images of the heaviest animal species."], 'prompt': 'Please click on all images οf the heaviest animal species', 'timit': '0.676s'}
2024-01-13 06:20:50 | DEBUG    | epic_games.agent:insert_challenge:218 | Parse result - {'stage': 'login_prod', 'result': <Status.CHALLENGE_RETRY: 'retry'>}
2024-01-13 06:20:54 | DEBUG    | hcaptcha_challenger.agents.playwright.control:_parse_label:241 | get task - {'prompt': 'Plеase click on all images of the heaviеst animal speсies'}
2024-01-13 06:20:54 | DEBUG    | hcaptcha_challenger.agents.playwright.control:_catch_all_binary_challenge:474 | handle task - {'unsupervised': 'binary', 'candidate_labels': ['This is a picture that looks like please click on all images of the heaviest animal species.', "This is a picture that don't look like please click on all images of the heaviest animal species."], 'prompt': 'Plеase click on all images of the heaviеst animal speсies', 'timit': '0.694s'}
2024-01-13 06:21:05 | DEBUG    | epic_games.agent:insert_challenge:218 | Parse result - {'stage': 'login_prod', 'result': <Status.CHALLENGE_RETRY: 'retry'>}
2024-01-13 06:21:17 | DEBUG    | hcaptcha_challenger.agents.playwright.control:_parse_label:241 | get task - {'prompt': 'Please click on all images of the heaviest animal species'}
2024-01-13 06:21:18 | DEBUG    | hcaptcha_challenger.agents.playwright.control:_catch_all_binary_challenge:474 | handle task - {'unsupervised': 'binary', 'candidate_labels': ['This is a picture that looks like please click on all images of the heaviest animal species.', "This is a picture that don't look like please click on all images of the heaviest animal species."], 'prompt': 'Please click on all images of the heaviest animal species', 'timit': '0.692s'}
2024-01-13 06:21:29 | DEBUG    | epic_games.agent:insert_challenge:218 | Parse result - {'stage': 'login_prod', 'result': <Status.CHALLENGE_RETRY: 'retry'>}
2024-01-13 06:21:33 | DEBUG    | hcaptcha_challenger.agents.playwright.control:_parse_label:241 | get task - {'prompt': 'Please click on all images of tһe heaviest animal species'}
2024-01-13 06:21:34 | DEBUG    | hcaptcha_challenger.agents.playwright.control:_catch_all_binary_challenge:474 | handle task - {'unsupervised': 'binary', 'candidate_labels': ['This is a picture that looks like please click on all images of the heaviest animal species.', "This is a picture that don't look like please click on all images of the heaviest animal species."], 'prompt': 'Please click on all images of tһe heaviest animal species', 'timit': '0.723s'}
2024-01-13 06:21:43 | DEBUG    | epic_games.agent:insert_challenge:218 | Parse result - {'stage': 'login_prod', 'result': <Status.CHALLENGE_RETRY: 'retry'>}
2024-01-13 06:21:46 | DEBUG    | hcaptcha_challenger.agents.playwright.control:_parse_label:241 | get task - {'prompt': 'Please clіck on all images of the heavieѕt animal species'}
2024-01-13 06:21:47 | DEBUG    | hcaptcha_challenger.agents.playwright.control:_catch_all_binary_challenge:474 | handle task - {'unsupervised': 'binary', 'candidate_labels': ['This is a picture that looks like please click on all images of the heaviest animal species.', "This is a picture that don't look like please click on all images of the heaviest animal species."], 'prompt': 'Please clіck on all images of the heavieѕt animal species', 'timit': '0.720s'}
2024-01-13 06:21:56 | DEBUG    | epic_games.agent:insert_challenge:218 | Parse result - {'stage': 'login_prod', 'result': <Status.CHALLENGE_RETRY: 'retry'>}
2024-01-13 06:22:00 | DEBUG    | hcaptcha_challenger.agents.playwright.control:_parse_label:241 | get task - {'prompt': 'Ρlease сlick on аll images of the heaviest animal species'}
2024-01-13 06:22:01 | DEBUG    | hcaptcha_challenger.agents.playwright.control:_catch_all_binary_challenge:474 | handle task - {'unsupervised': 'binary', 'candidate_labels': ['This is a picture that looks like ρlease click on all images of the heaviest animal species.', "This is a picture that don't look like ρlease click on all images of the heaviest animal species."], 'prompt': 'Ρlease сlick on аll images of the heaviest animal species', 'timit': '0.689s'}
2024-01-13 06:22:10 | DEBUG    | epic_games.agent:insert_challenge:218 | Parse result - {'stage': 'login_prod', 'result': <Status.CHALLENGE_RETRY: 'retry'>}
2024-01-13 06:22:14 | DEBUG    | hcaptcha_challenger.agents.playwright.control:_parse_label:241 | get task - {'prompt': 'Please click on all images of the heaviest animal sрecies'}
2024-01-13 06:22:15 | DEBUG    | hcaptcha_challenger.agents.playwright.control:_catch_all_binary_challenge:474 | handle task - {'unsupervised': 'binary', 'candidate_labels': ['This is a picture that looks like please click on all images of the heaviest animal species.', "This is a picture that don't look like please click on all images of the heaviest animal species."], 'prompt': 'Please click on all images of the heaviest animal sрecies', 'timit': '0.695s'}
2024-01-13 06:22:32 | DEBUG    | epic_games.agent:insert_challenge:218 | Parse result - {'stage': 'login_prod', 'result': <Status.CHALLENGE_RETRY: 'retry'>}
2024-01-13 06:22:37 | DEBUG    | hcaptcha_challenger.agents.playwright.control:_parse_label:241 | get task - {'prompt': 'Pleaѕe cliсk where the image apрearѕ broken or tampered with'}
2024-01-13 06:22:43 | DEBUG    | epic_games.agent:insert_challenge:218 | Parse result - {'stage': 'login_prod', 'result': <Status.CHALLENGE_SUCCESS: 'success'>}
2024-01-13 06:22:47 | SUCCESS    | epic_games.agent:_login:253 | login - {'result': 'Successfully refreshed tokens'}
2024-01-13 06:22:59 | SUCCESS    | epic_games.agent:flush_token:280 | flush_token - {'path': PosixPath('/home/runner/work/epicfree/epicfree/epic/user_data_dir/epic-games@zc28/ctx_cookie.json')}
2024-01-13 06:23:00 | DEBUG    | __main__:create_tasks:66 | Put task - {'title': 'Sail Forth', 'url': 'https://store.epicgames.com/en-US/p/sail-forth-51847e'}
2024-01-13 06:23:00 | INFO    | epic_games.agent:claim_weekly_games:294 | claim_weekly_games - {'action': 'go to store', 'url': 'https://store.epicgames.com/en-US/p/sail-forth-51847e'}
2024-01-13 06:23:09 | INFO    | epic_games.agent:claim_weekly_games:326 | claim_weekly_games - {'action': 'move to webPurchaseContainer iframe'}
2024-01-13 06:23:11 | INFO    | epic_games.agent:claim_weekly_games:328 | claim_weekly_games - {'action': 'click payment button'}
2024-01-13 06:23:16 | DEBUG    | hcaptcha_challenger.agents.playwright.control:_parse_label:241 | get task - {'prompt': 'Please click on all images of the hеaviest animal speciеs'}
2024-01-13 06:23:17 | DEBUG    | hcaptcha_challenger.agents.playwright.control:_catch_all_binary_challenge:474 | handle task - {'unsupervised': 'binary', 'candidate_labels': ['This is a picture that looks like please click on all images of the heaviest animal species.', "This is a picture that don't look like please click on all images of the heaviest animal species."], 'prompt': 'Please click on all images of the hеaviest animal speciеs', 'timit': '0.649s'}
2024-01-13 06:23:31 | DEBUG    | epic_games.agent:insert_challenge:106 | task done - {'sattus': 'success'}
2024-01-13 06:24:03 | INFO    | epic_games.agent:claim_weekly_games:294 | claim_weekly_games - {'action': 'go to store', 'url': 'https://store.epicgames.com/en-US/p/sail-forth-51847e'}
2024-01-13 06:24:12 | INFO    | epic_games.agent:claim_weekly_games:326 | claim_weekly_games - {'action': 'move to webPurchaseContainer iframe'}
2024-01-13 06:24:14 | INFO    | epic_games.agent:claim_weekly_games:328 | claim_weekly_games - {'action': 'click payment button'}
2024-01-13 06:24:19 | DEBUG    | hcaptcha_challenger.agents.playwright.control:_parse_label:241 | get task - {'prompt': 'Pleaѕe click on all images of the heaviest animal species'}
2024-01-13 06:24:20 | DEBUG    | hcaptcha_challenger.agents.playwright.control:_catch_all_binary_challenge:474 | handle task - {'unsupervised': 'binary', 'candidate_labels': ['This is a picture that looks like please click on all images of the heaviest animal species.', "This is a picture that don't look like please click on all images of the heaviest animal species."], 'prompt': 'Pleaѕe click on all images of the heaviest animal species', 'timit': '0.712s'}
2024-01-13 06:24:29 | DEBUG    | epic_games.agent:insert_challenge:106 | task done - {'sattus': 'success'}
2024-01-13 06:25:01 | INFO    | epic_games.agent:claim_weekly_games:294 | claim_weekly_games - {'action': 'go to store', 'url': 'https://store.epicgames.com/en-US/p/sail-forth-51847e'}
2024-01-13 06:25:10 | INFO    | epic_games.agent:claim_weekly_games:326 | claim_weekly_games - {'action': 'move to webPurchaseContainer iframe'}
2024-01-13 06:25:13 | INFO    | epic_games.agent:claim_weekly_games:328 | claim_weekly_games - {'action': 'click payment button'}
2024-01-13 06:25:18 | DEBUG    | hcaptcha_challenger.agents.playwright.control:_parse_label:241 | get task - {'prompt': 'Please click on all images of the heaviest animal species'}
2024-01-13 06:25:19 | DEBUG    | hcaptcha_challenger.agents.playwright.control:_catch_all_binary_challenge:474 | handle task - {'unsupervised': 'binary', 'candidate_labels': ['This is a picture that looks like please click on all images of the heaviest animal species.', "This is a picture that don't look like please click on all images of the heaviest animal species."], 'prompt': 'Please click on all images of the heaviest animal species', 'timit': '0.705s'}
2024-01-13 06:25:28 | DEBUG    | epic_games.agent:insert_challenge:106 | task done - {'sattus': 'success'}
2024-01-13 06:26:00 | ERROR    | __main__:run:158 | An error has been caught in function 'run', process 'MainProcess' (3507), thread 'MainThread' (139869238160256): - {}
Traceback (most recent call last):
  File "/home/runner/work/epicfree/epicfree/epic/src/claim.py", line 151, in stash
    await self.claim_epic_games(context)
  File "/home/runner/work/epicfree/epicfree/epic/src/claim.py", line 122, in claim_epic_games
    await epic.claim_weekly_games(page, single_promotions)
  File "/opt/hostedtoolcache/Python/3.10.13/x64/lib/python3.10/site-packages/tenacity/_asyncio.py", line 88, in async_wrapped
    return await fn(*args, **kwargs)
  File "/opt/hostedtoolcache/Python/3.10.13/x64/lib/python3.10/site-packages/tenacity/_asyncio.py", line 47, in __call__
    do = self.iter(retry_state=retry_state)
  File "/opt/hostedtoolcache/Python/3.10.13/x64/lib/python3.10/site-packages/tenacity/__init__.py", line 325, in iter
    raise retry_exc.reraise()
  File "/opt/hostedtoolcache/Python/3.10.13/x64/lib/python3.10/site-packages/tenacity/__init__.py", line 158, in reraise
    raise self.last_attempt.result()
  File "/opt/hostedtoolcache/Python/3.10.13/x64/lib/python3.10/concurrent/futures/_base.py", line 451, in result
    return self.__get_result()
  File "/opt/hostedtoolcache/Python/3.10.13/x64/lib/python3.10/concurrent/futures/_base.py", line 403, in __get_result
    raise self._exception
  File "/opt/hostedtoolcache/Python/3.10.13/x64/lib/python3.10/site-packages/tenacity/_asyncio.py", line 50, in __call__
    result = await fn(*args, **kwargs)
  File "/home/runner/work/epicfree/epicfree/epic/src/epic_games/agent.py", line 338, in claim_weekly_games
    await page.wait_for_url(recur_url)
  File "/opt/hostedtoolcache/Python/3.10.13/x64/lib/python3.10/site-packages/playwright/async_api/_generated.py", line 9417, in wait_for_url
    await self._impl_obj.wait_for_url(
  File "/opt/hostedtoolcache/Python/3.10.13/x64/lib/python3.10/site-packages/playwright/_impl/_page.py", line 499, in wait_for_url
    return await self._main_frame.wait_for_url(**locals_to_params(locals()))
  File "/opt/hostedtoolcache/Python/3.10.13/x64/lib/python3.10/site-packages/playwright/_impl/_frame.py", line 227, in wait_for_url
    async with self.expect_navigation(
  File "/opt/hostedtoolcache/Python/3.10.13/x64/lib/python3.10/site-packages/playwright/_impl/_event_context_manager.py", line 33, in __aexit__
    await self._future
  File "/opt/hostedtoolcache/Python/3.10.13/x64/lib/python3.10/site-packages/playwright/_impl/_frame.py", line 202, in continuation
    event = await waiter.result()
playwright._impl._errors.TimeoutError: Timeout 30000ms exceeded.
=========================== logs ===========================
waiting for navigation to "https://store.epicgames.com/en-US/cart/success" until 'load'
============================================================

During handling of the above exception, another exception occurred:

Traceback (most recent call last):
  File "/home/runner/work/epicfree/epicfree/epic/src/claim.py", line 162, in <module>
    asyncio.run(run())
  File "/opt/hostedtoolcache/Python/3.10.13/x64/lib/python3.10/asyncio/runners.py", line 44, in run
    return loop.run_until_complete(main)
  File "/opt/hostedtoolcache/Python/3.10.13/x64/lib/python3.10/asyncio/base_events.py", line 636, in run_until_complete
    self.run_forever()
  File "/opt/hostedtoolcache/Python/3.10.13/x64/lib/python3.10/asyncio/base_events.py", line 603, in run_forever
    self._run_once()
  File "/opt/hostedtoolcache/Python/3.10.13/x64/lib/python3.10/asyncio/base_events.py", line 1909, in _run_once
    handle._run()
  File "/opt/hostedtoolcache/Python/3.10.13/x64/lib/python3.10/asyncio/events.py", line 80, in _run
    self._context.run(self._callback, *self._args)
> File "/home/runner/work/epicfree/epicfree/epic/src/claim.py", line 158, in run
    await agent.stash()
  File "/home/runner/work/epicfree/epicfree/epic/src/claim.py", line 139, in stash
    async with async_playwright() as p:
  File "/opt/hostedtoolcache/Python/3.10.13/x64/lib/python3.10/site-packages/playwright/async_api/_context_manager.py", line 58, in __aexit__
    await self._connection.stop_async()
  File "/opt/hostedtoolcache/Python/3.10.13/x64/lib/python3.10/site-packages/playwright/_impl/_connection.py", line 288, in stop_async
    self.cleanup()
  File "/opt/hostedtoolcache/Python/3.10.13/x64/lib/python3.10/site-packages/playwright/_impl/_connection.py", line 299, in cleanup
    callback.future.set_exception(self._closed_error)
asyncio.exceptions.InvalidStateError: invalid state
