{"text": "2024-08-28 06:20:22 | INFO    | __main__:stash:131 | run - {'image': '20231121', 'version': '0.10.1.post2', 'role': 'EpicPlayer', 'headless': True}\n", "record": {"elapsed": {"repr": "0:00:01.105814", "seconds": 1.105814}, "exception": null, "extra": {"image": "20231121", "version": "0.10.1.post2", "role": "EpicPlayer", "headless": true}, "file": {"name": "claim.py", "path": "/home/runner/work/epicfree/epicfree/epic/src/claim.py"}, "function": "stash", "level": {"icon": "‚ÑπÔ∏è", "name": "INFO", "no": 20}, "line": 131, "message": "run", "module": "claim", "name": "__main__", "process": {"id": 3743, "name": "MainProcess"}, "thread": {"id": 140190257560448, "name": "MainThread"}, "time": {"repr": "2024-08-28 06:20:22.652709+08:00", "timestamp": 1724797222.652709}}}
{"text": "2024-08-28 06:20:26 | WARNING    | epic_games.agent:get_order_history:467 | Failed to get order history, cookie may have expired - {}\n", "record": {"elapsed": {"repr": "0:00:04.571961", "seconds": 4.571961}, "exception": null, "extra": {}, "file": {"name": "agent.py", "path": "/home/runner/work/epicfree/epicfree/epic/src/epic_games/agent.py"}, "function": "get_order_history", "level": {"icon": "‚ö†Ô∏è", "name": "WARNING", "no": 30}, "line": 467, "message": "Failed to get order history, cookie may have expired", "module": "agent", "name": "epic_games.agent", "process": {"id": 3743, "name": "MainProcess"}, "thread": {"id": 140190257560448, "name": "MainThread"}, "time": {"repr": "2024-08-28 06:20:26.118856+08:00", "timestamp": 1724797226.118856}}}
{"text": "2024-08-28 06:20:26 | DEBUG    | __main__:create_tasks:66 | Put task - {'title': 'The Callisto Protocol', 'url': 'https://store.epicgames.com/en-US/p/the-callisto-protocol'}\n", "record": {"elapsed": {"repr": "0:00:04.967801", "seconds": 4.967801}, "exception": null, "extra": {"title": "The Callisto Protocol", "url": "https://store.epicgames.com/en-US/p/the-callisto-protocol"}, "file": {"name": "claim.py", "path": "/home/runner/work/epicfree/epicfree/epic/src/claim.py"}, "function": "create_tasks", "level": {"icon": "üêû", "name": "DEBUG", "no": 10}, "line": 66, "message": "Put task", "module": "claim", "name": "__main__", "process": {"id": 3743, "name": "MainProcess"}, "thread": {"id": 140190257560448, "name": "MainThread"}, "time": {"repr": "2024-08-28 06:20:26.514696+08:00", "timestamp": 1724797226.514696}}}
{"text": "2024-08-28 06:20:26 | DEBUG    | __main__:create_tasks:66 | Put task - {'title': 'Gigantic: Rampage Edition', 'url': 'https://store.epicgames.com/en-US/p/gigantic-rampage-edition-03f532'}\n", "record": {"elapsed": {"repr": "0:00:04.968278", "seconds": 4.968278}, "exception": null, "extra": {"title": "Gigantic: Rampage Edition", "url": "https://store.epicgames.com/en-US/p/gigantic-rampage-edition-03f532"}, "file": {"name": "claim.py", "path": "/home/runner/work/epicfree/epicfree/epic/src/claim.py"}, "function": "create_tasks", "level": {"icon": "üêû", "name": "DEBUG", "no": 10}, "line": 66, "message": "Put task", "module": "claim", "name": "__main__", "process": {"id": 3743, "name": "MainProcess"}, "thread": {"id": 140190257560448, "name": "MainThread"}, "time": {"repr": "2024-08-28 06:20:26.515173+08:00", "timestamp": 1724797226.515173}}}
{"text": "2024-08-28 06:20:32 | ERROR    | hcaptcha_challenger.onnx.modelhub:pull_model:414 | An error has been caught in function 'pull_model', process 'MainProcess' (3743), thread 'MainThread' (140190257560448): - {}\nTraceback (most recent call last):\n  File \"/opt/hostedtoolcache/Python/3.10.14/x64/lib/python3.10/site-packages/httpx/_transports/default.py\", line 72, in map_httpcore_exceptions\n    yield\n  File \"/opt/hostedtoolcache/Python/3.10.14/x64/lib/python3.10/site-packages/httpx/_transports/default.py\", line 116, in __iter__\n    for part in self._httpcore_stream:\n  File \"/opt/hostedtoolcache/Python/3.10.14/x64/lib/python3.10/site-packages/httpcore/_sync/connection_pool.py\", line 367, in __iter__\n    raise exc from None\n  File \"/opt/hostedtoolcache/Python/3.10.14/x64/lib/python3.10/site-packages/httpcore/_sync/connection_pool.py\", line 363, in __iter__\n    for part in self._stream:\n  File \"/opt/hostedtoolcache/Python/3.10.14/x64/lib/python3.10/site-packages/httpcore/_sync/http2.py\", line 582, in __iter__\n    raise exc\n  File \"/opt/hostedtoolcache/Python/3.10.14/x64/lib/python3.10/site-packages/httpcore/_sync/http2.py\", line 572, in __iter__\n    for chunk in self._connection._receive_response_body(\n  File \"/opt/hostedtoolcache/Python/3.10.14/x64/lib/python3.10/site-packages/httpcore/_sync/http2.py\", line 313, in _receive_response_body\n    event = self._receive_stream_event(request, stream_id)\n  File \"/opt/hostedtoolcache/Python/3.10.14/x64/lib/python3.10/site-packages/httpcore/_sync/http2.py\", line 333, in _receive_stream_event\n    self._receive_events(request, stream_id)\n  File \"/opt/hostedtoolcache/Python/3.10.14/x64/lib/python3.10/site-packages/httpcore/_sync/http2.py\", line 361, in _receive_events\n    events = self._read_incoming_data(request)\n  File \"/opt/hostedtoolcache/Python/3.10.14/x64/lib/python3.10/site-packages/httpcore/_sync/http2.py\", line 452, in _read_incoming_data\n    raise exc\n  File \"/opt/hostedtoolcache/Python/3.10.14/x64/lib/python3.10/site-packages/httpcore/_sync/http2.py\", line 438, in _read_incoming_data\n    data = self._network_stream.read(self.READ_NUM_BYTES, timeout)\n  File \"/opt/hostedtoolcache/Python/3.10.14/x64/lib/python3.10/site-packages/httpcore/_backends/sync.py\", line 124, in read\n    with map_exceptions(exc_map):\n  File \"/opt/hostedtoolcache/Python/3.10.14/x64/lib/python3.10/contextlib.py\", line 153, in __exit__\n    self.gen.throw(typ, value, traceback)\n  File \"/opt/hostedtoolcache/Python/3.10.14/x64/lib/python3.10/site-packages/httpcore/_exceptions.py\", line 14, in map_exceptions\n    raise to_exc(exc) from exc\nhttpcore.ReadTimeout: The read operation timed out\n\nThe above exception was the direct cause of the following exception:\n\nTraceback (most recent call last):\n  File \"/home/runner/work/epicfree/epicfree/epic/src/claim.py\", line 162, in <module>\n    asyncio.run(run())\n  File \"/opt/hostedtoolcache/Python/3.10.14/x64/lib/python3.10/asyncio/runners.py\", line 44, in run\n    return loop.run_until_complete(main)\n  File \"/opt/hostedtoolcache/Python/3.10.14/x64/lib/python3.10/asyncio/base_events.py\", line 636, in run_until_complete\n    self.run_forever()\n  File \"/opt/hostedtoolcache/Python/3.10.14/x64/lib/python3.10/asyncio/base_events.py\", line 603, in run_forever\n    self._run_once()\n  File \"/opt/hostedtoolcache/Python/3.10.14/x64/lib/python3.10/asyncio/base_events.py\", line 1909, in _run_once\n    handle._run()\n  File \"/opt/hostedtoolcache/Python/3.10.14/x64/lib/python3.10/asyncio/events.py\", line 80, in _run\n    self._context.run(self._callback, *self._args)\n  File \"/home/runner/work/epicfree/epicfree/epic/src/claim.py\", line 158, in run\n    await agent.stash()\n  File \"/home/runner/work/epicfree/epicfree/epic/src/claim.py\", line 150, in stash\n    install(upgrade=True, clip=True)\n  File \"/opt/hostedtoolcache/Python/3.10.14/x64/lib/python3.10/site-packages/hcaptcha_challenger/__init__.py\", line 95, in install\n    register_pipline(modelhub, install_only=True)\n  File \"/opt/hostedtoolcache/Python/3.10.14/x64/lib/python3.10/site-packages/hcaptcha_challenger/components/zero_shot_image_classifier.py\", line 74, in register_pipline\n    v_net = modelhub.match_net(visual_model, install_only=install_only)\n  File \"/opt/hostedtoolcache/Python/3.10.14/x64/lib/python3.10/site-packages/hcaptcha_challenger/onnx/modelhub.py\", line 466, in match_net\n    self.pull_model(focus_name)\n> File \"/opt/hostedtoolcache/Python/3.10.14/x64/lib/python3.10/site-packages/hcaptcha_challenger/onnx/modelhub.py\", line 414, in pull_model\n    request_resource(focus_asset.browser_download_url, model_path.absolute())\n  File \"/opt/hostedtoolcache/Python/3.10.14/x64/lib/python3.10/site-packages/tenacity/__init__.py\", line 336, in wrapped_f\n    return copy(f, *args, **kw)\n  File \"/opt/hostedtoolcache/Python/3.10.14/x64/lib/python3.10/site-packages/tenacity/__init__.py\", line 475, in __call__\n    do = self.iter(retry_state=retry_state)\n  File \"/opt/hostedtoolcache/Python/3.10.14/x64/lib/python3.10/site-packages/tenacity/__init__.py\", line 376, in iter\n    result = action(retry_state)\n  File \"/opt/hostedtoolcache/Python/3.10.14/x64/lib/python3.10/site-packages/tenacity/__init__.py\", line 398, in <lambda>\n    self._add_action_func(lambda rs: rs.outcome.result())\n  File \"/opt/hostedtoolcache/Python/3.10.14/x64/lib/python3.10/concurrent/futures/_base.py\", line 451, in result\n    return self.__get_result()\n  File \"/opt/hostedtoolcache/Python/3.10.14/x64/lib/python3.10/concurrent/futures/_base.py\", line 403, in __get_result\n    raise self._exception\n  File \"/opt/hostedtoolcache/Python/3.10.14/x64/lib/python3.10/site-packages/tenacity/__init__.py\", line 478, in __call__\n    result = fn(*args, **kwargs)\n  File \"/opt/hostedtoolcache/Python/3.10.14/x64/lib/python3.10/site-packages/hcaptcha_challenger/onnx/modelhub.py\", line 65, in request_resource\n    for chunk in response.iter_bytes():\n  File \"/opt/hostedtoolcache/Python/3.10.14/x64/lib/python3.10/site-packages/httpx/_models.py\", line 831, in iter_bytes\n    for raw_bytes in self.iter_raw():\n  File \"/opt/hostedtoolcache/Python/3.10.14/x64/lib/python3.10/site-packages/httpx/_models.py\", line 885, in iter_raw\n    for raw_stream_bytes in self.stream:\n  File \"/opt/hostedtoolcache/Python/3.10.14/x64/lib/python3.10/site-packages/httpx/_client.py\", line 127, in __iter__\n    for chunk in self._stream:\n  File \"/opt/hostedtoolcache/Python/3.10.14/x64/lib/python3.10/site-packages/httpx/_transports/default.py\", line 115, in __iter__\n    with map_httpcore_exceptions():\n  File \"/opt/hostedtoolcache/Python/3.10.14/x64/lib/python3.10/contextlib.py\", line 153, in __exit__\n    self.gen.throw(typ, value, traceback)\n  File \"/opt/hostedtoolcache/Python/3.10.14/x64/lib/python3.10/site-packages/httpx/_transports/default.py\", line 89, in map_httpcore_exceptions\n    raise mapped_exc(message) from exc\nhttpx.ReadTimeout: The read operation timed out\n", "record": {"elapsed": {"repr": "0:00:10.939622", "seconds": 10.939622}, "exception": {"type": "ReadTimeout", "value": "The read operation timed out", "traceback": true}, "extra": {}, "file": {"name": "modelhub.py", "path": "/opt/hostedtoolcache/Python/3.10.14/x64/lib/python3.10/site-packages/hcaptcha_challenger/onnx/modelhub.py"}, "function": "pull_model", "level": {"icon": "‚ùå", "name": "ERROR", "no": 40}, "line": 414, "message": "An error has been caught in function 'pull_model', process 'MainProcess' (3743), thread 'MainThread' (140190257560448):", "module": "modelhub", "name": "hcaptcha_challenger.onnx.modelhub", "process": {"id": 3743, "name": "MainProcess"}, "thread": {"id": 140190257560448, "name": "MainThread"}, "time": {"repr": "2024-08-28 06:20:32.486517+08:00", "timestamp": 1724797232.486517}}}
{"text": "2024-08-28 06:20:34 | INFO    | epic_games.agent:claim_weekly_games:294 | claim_weekly_games - {'action': 'go to store', 'url': 'https://store.epicgames.com/en-US/p/the-callisto-protocol'}\n", "record": {"elapsed": {"repr": "0:00:13.358282", "seconds": 13.358282}, "exception": null, "extra": {"action": "go to store", "url": "https://store.epicgames.com/en-US/p/the-callisto-protocol"}, "file": {"name": "agent.py", "path": "/home/runner/work/epicfree/epicfree/epic/src/epic_games/agent.py"}, "function": "claim_weekly_games", "level": {"icon": "‚ÑπÔ∏è", "name": "INFO", "no": 20}, "line": 294, "message": "claim_weekly_games", "module": "agent", "name": "epic_games.agent", "process": {"id": 3743, "name": "MainProcess"}, "thread": {"id": 140190257560448, "name": "MainThread"}, "time": {"repr": "2024-08-28 06:20:34.905177+08:00", "timestamp": 1724797234.905177}}}
{"text": "2024-08-28 06:21:10 | INFO    | epic_games.agent:claim_weekly_games:294 | claim_weekly_games - {'action': 'go to store', 'url': 'https://store.epicgames.com/en-US/p/gigantic-rampage-edition-03f532'}\n", "record": {"elapsed": {"repr": "0:00:48.973275", "seconds": 48.973275}, "exception": null, "extra": {"action": "go to store", "url": "https://store.epicgames.com/en-US/p/gigantic-rampage-edition-03f532"}, "file": {"name": "agent.py", "path": "/home/runner/work/epicfree/epicfree/epic/src/epic_games/agent.py"}, "function": "claim_weekly_games", "level": {"icon": "‚ÑπÔ∏è", "name": "INFO", "no": 20}, "line": 294, "message": "claim_weekly_games", "module": "agent", "name": "epic_games.agent", "process": {"id": 3743, "name": "MainProcess"}, "thread": {"id": 140190257560448, "name": "MainThread"}, "time": {"repr": "2024-08-28 06:21:10.520170+08:00", "timestamp": 1724797270.52017}}}
{"text": "2024-08-28 06:21:23 | SUCCESS    | epic_games.agent:claim_weekly_games:314 | Pass claim task - {'reason': 'Free games not added to shopping cart'}\n", "record": {"elapsed": {"repr": "0:01:02.201165", "seconds": 62.201165}, "exception": null, "extra": {"reason": "Free games not added to shopping cart"}, "file": {"name": "agent.py", "path": "/home/runner/work/epicfree/epicfree/epic/src/epic_games/agent.py"}, "function": "claim_weekly_games", "level": {"icon": "‚úÖ", "name": "SUCCESS", "no": 25}, "line": 314, "message": "Pass claim task", "module": "agent", "name": "epic_games.agent", "process": {"id": 3743, "name": "MainProcess"}, "thread": {"id": 140190257560448, "name": "MainThread"}, "time": {"repr": "2024-08-28 06:21:23.748060+08:00", "timestamp": 1724797283.74806}}}
