{"text": "2024-02-02 06:18:46 | INFO    | __main__:stash:131 | run - {'image': '20231121', 'version': '0.10.1.post2', 'role': 'EpicPlayer', 'headless': True}\n", "record": {"elapsed": {"repr": "0:00:01.334372", "seconds": 1.334372}, "exception": null, "extra": {"image": "20231121", "version": "0.10.1.post2", "role": "EpicPlayer", "headless": true}, "file": {"name": "claim.py", "path": "/home/runner/work/epicfree/epicfree/epic/src/claim.py"}, "function": "stash", "level": {"icon": "‚ÑπÔ∏è", "name": "INFO", "no": 20}, "line": 131, "message": "run", "module": "claim", "name": "__main__", "process": {"id": 3534, "name": "MainProcess"}, "thread": {"id": 140691959421824, "name": "MainThread"}, "time": {"repr": "2024-02-02 06:18:46.612344+08:00", "timestamp": 1706825926.612344}}}
{"text": "2024-02-02 06:18:53 | WARNING    | epic_games.agent:get_order_history:467 | Failed to get order history, cookie may have expired - {}\n", "record": {"elapsed": {"repr": "0:00:08.361035", "seconds": 8.361035}, "exception": null, "extra": {}, "file": {"name": "agent.py", "path": "/home/runner/work/epicfree/epicfree/epic/src/epic_games/agent.py"}, "function": "get_order_history", "level": {"icon": "‚ö†Ô∏è", "name": "WARNING", "no": 30}, "line": 467, "message": "Failed to get order history, cookie may have expired", "module": "agent", "name": "epic_games.agent", "process": {"id": 3534, "name": "MainProcess"}, "thread": {"id": 140691959421824, "name": "MainThread"}, "time": {"repr": "2024-02-02 06:18:53.639007+08:00", "timestamp": 1706825933.639007}}}
{"text": "2024-02-02 06:18:53 | DEBUG    | __main__:create_tasks:66 | Put task - {'title': 'Doors - Paradox', 'url': 'https://store.epicgames.com/en-US/p/doors-paradox-5896c7'}\n", "record": {"elapsed": {"repr": "0:00:08.528692", "seconds": 8.528692}, "exception": null, "extra": {"title": "Doors - Paradox", "url": "https://store.epicgames.com/en-US/p/doors-paradox-5896c7"}, "file": {"name": "claim.py", "path": "/home/runner/work/epicfree/epicfree/epic/src/claim.py"}, "function": "create_tasks", "level": {"icon": "üêû", "name": "DEBUG", "no": 10}, "line": 66, "message": "Put task", "module": "claim", "name": "__main__", "process": {"id": 3534, "name": "MainProcess"}, "thread": {"id": 140691959421824, "name": "MainThread"}, "time": {"repr": "2024-02-02 06:18:53.806664+08:00", "timestamp": 1706825933.806664}}}
{"text": "2024-02-02 06:19:00 | INFO    | epic_games.agent:claim_weekly_games:294 | claim_weekly_games - {'action': 'go to store', 'url': 'https://store.epicgames.com/en-US/p/doors-paradox-5896c7'}\n", "record": {"elapsed": {"repr": "0:00:15.445711", "seconds": 15.445711}, "exception": null, "extra": {"action": "go to store", "url": "https://store.epicgames.com/en-US/p/doors-paradox-5896c7"}, "file": {"name": "agent.py", "path": "/home/runner/work/epicfree/epicfree/epic/src/epic_games/agent.py"}, "function": "claim_weekly_games", "level": {"icon": "‚ÑπÔ∏è", "name": "INFO", "no": 20}, "line": 294, "message": "claim_weekly_games", "module": "agent", "name": "epic_games.agent", "process": {"id": 3534, "name": "MainProcess"}, "thread": {"id": 140691959421824, "name": "MainThread"}, "time": {"repr": "2024-02-02 06:19:00.723683+08:00", "timestamp": 1706825940.723683}}}
{"text": "2024-02-02 06:19:10 | INFO    | epic_games.agent:claim_weekly_games:326 | claim_weekly_games - {'action': 'move to webPurchaseContainer iframe'}\n", "record": {"elapsed": {"repr": "0:00:25.113119", "seconds": 25.113119}, "exception": null, "extra": {"action": "move to webPurchaseContainer iframe"}, "file": {"name": "agent.py", "path": "/home/runner/work/epicfree/epicfree/epic/src/epic_games/agent.py"}, "function": "claim_weekly_games", "level": {"icon": "‚ÑπÔ∏è", "name": "INFO", "no": 20}, "line": 326, "message": "claim_weekly_games", "module": "agent", "name": "epic_games.agent", "process": {"id": 3534, "name": "MainProcess"}, "thread": {"id": 140691959421824, "name": "MainThread"}, "time": {"repr": "2024-02-02 06:19:10.391091+08:00", "timestamp": 1706825950.391091}}}
{"text": "2024-02-02 06:19:12 | INFO    | epic_games.agent:claim_weekly_games:328 | claim_weekly_games - {'action': 'click payment button'}\n", "record": {"elapsed": {"repr": "0:00:27.509837", "seconds": 27.509837}, "exception": null, "extra": {"action": "click payment button"}, "file": {"name": "agent.py", "path": "/home/runner/work/epicfree/epicfree/epic/src/epic_games/agent.py"}, "function": "claim_weekly_games", "level": {"icon": "‚ÑπÔ∏è", "name": "INFO", "no": 20}, "line": 328, "message": "claim_weekly_games", "module": "agent", "name": "epic_games.agent", "process": {"id": 3534, "name": "MainProcess"}, "thread": {"id": 140691959421824, "name": "MainThread"}, "time": {"repr": "2024-02-02 06:19:12.787809+08:00", "timestamp": 1706825952.787809}}}
{"text": "2024-02-02 06:19:17 | DEBUG    | hcaptcha_challenger.agents.playwright.control:_parse_label:241 | get task - {'prompt': \"Please click on the meerkat's head\"}\n", "record": {"elapsed": {"repr": "0:00:32.513544", "seconds": 32.513544}, "exception": null, "extra": {"prompt": "Please click on the meerkat's head"}, "file": {"name": "control.py", "path": "/opt/hostedtoolcache/Python/3.10.13/x64/lib/python3.10/site-packages/hcaptcha_challenger/agents/playwright/control.py"}, "function": "_parse_label", "level": {"icon": "üêû", "name": "DEBUG", "no": 10}, "line": 241, "message": "get task", "module": "control", "name": "hcaptcha_challenger.agents.playwright.control", "process": {"id": 3534, "name": "MainProcess"}, "thread": {"id": 140691959421824, "name": "MainThread"}, "time": {"repr": "2024-02-02 06:19:17.791516+08:00", "timestamp": 1706825957.791516}}}
{"text": "2024-02-02 06:19:23 | DEBUG    | epic_games.agent:insert_challenge:106 | task done - {'sattus': 'success'}\n", "record": {"elapsed": {"repr": "0:00:38.677037", "seconds": 38.677037}, "exception": null, "extra": {"sattus": "success"}, "file": {"name": "agent.py", "path": "/home/runner/work/epicfree/epicfree/epic/src/epic_games/agent.py"}, "function": "insert_challenge", "level": {"icon": "üêû", "name": "DEBUG", "no": 10}, "line": 106, "message": "task done", "module": "agent", "name": "epic_games.agent", "process": {"id": 3534, "name": "MainProcess"}, "thread": {"id": 140691959421824, "name": "MainThread"}, "time": {"repr": "2024-02-02 06:19:23.955009+08:00", "timestamp": 1706825963.955009}}}
{"text": "2024-02-02 06:19:56 | INFO    | epic_games.agent:claim_weekly_games:294 | claim_weekly_games - {'action': 'go to store', 'url': 'https://store.epicgames.com/en-US/p/doors-paradox-5896c7'}\n", "record": {"elapsed": {"repr": "0:01:10.853718", "seconds": 70.853718}, "exception": null, "extra": {"action": "go to store", "url": "https://store.epicgames.com/en-US/p/doors-paradox-5896c7"}, "file": {"name": "agent.py", "path": "/home/runner/work/epicfree/epicfree/epic/src/epic_games/agent.py"}, "function": "claim_weekly_games", "level": {"icon": "‚ÑπÔ∏è", "name": "INFO", "no": 20}, "line": 294, "message": "claim_weekly_games", "module": "agent", "name": "epic_games.agent", "process": {"id": 3534, "name": "MainProcess"}, "thread": {"id": 140691959421824, "name": "MainThread"}, "time": {"repr": "2024-02-02 06:19:56.131690+08:00", "timestamp": 1706825996.13169}}}
{"text": "2024-02-02 06:20:04 | INFO    | epic_games.agent:claim_weekly_games:326 | claim_weekly_games - {'action': 'move to webPurchaseContainer iframe'}\n", "record": {"elapsed": {"repr": "0:01:19.692886", "seconds": 79.692886}, "exception": null, "extra": {"action": "move to webPurchaseContainer iframe"}, "file": {"name": "agent.py", "path": "/home/runner/work/epicfree/epicfree/epic/src/epic_games/agent.py"}, "function": "claim_weekly_games", "level": {"icon": "‚ÑπÔ∏è", "name": "INFO", "no": 20}, "line": 326, "message": "claim_weekly_games", "module": "agent", "name": "epic_games.agent", "process": {"id": 3534, "name": "MainProcess"}, "thread": {"id": 140691959421824, "name": "MainThread"}, "time": {"repr": "2024-02-02 06:20:04.970858+08:00", "timestamp": 1706826004.970858}}}
{"text": "2024-02-02 06:20:07 | INFO    | epic_games.agent:claim_weekly_games:328 | claim_weekly_games - {'action': 'click payment button'}\n", "record": {"elapsed": {"repr": "0:01:22.072504", "seconds": 82.072504}, "exception": null, "extra": {"action": "click payment button"}, "file": {"name": "agent.py", "path": "/home/runner/work/epicfree/epicfree/epic/src/epic_games/agent.py"}, "function": "claim_weekly_games", "level": {"icon": "‚ÑπÔ∏è", "name": "INFO", "no": 20}, "line": 328, "message": "claim_weekly_games", "module": "agent", "name": "epic_games.agent", "process": {"id": 3534, "name": "MainProcess"}, "thread": {"id": 140691959421824, "name": "MainThread"}, "time": {"repr": "2024-02-02 06:20:07.350476+08:00", "timestamp": 1706826007.350476}}}
{"text": "2024-02-02 06:20:12 | DEBUG    | hcaptcha_challenger.agents.playwright.control:_parse_label:241 | get task - {'prompt': 'Please click on the object that fits with the ba—Åkground'}\n", "record": {"elapsed": {"repr": "0:01:27.075788", "seconds": 87.075788}, "exception": null, "extra": {"prompt": "Please click on the object that fits with the ba—Åkground"}, "file": {"name": "control.py", "path": "/opt/hostedtoolcache/Python/3.10.13/x64/lib/python3.10/site-packages/hcaptcha_challenger/agents/playwright/control.py"}, "function": "_parse_label", "level": {"icon": "üêû", "name": "DEBUG", "no": 10}, "line": 241, "message": "get task", "module": "control", "name": "hcaptcha_challenger.agents.playwright.control", "process": {"id": 3534, "name": "MainProcess"}, "thread": {"id": 140691959421824, "name": "MainThread"}, "time": {"repr": "2024-02-02 06:20:12.353760+08:00", "timestamp": 1706826012.35376}}}
{"text": "2024-02-02 06:20:17 | DEBUG    | epic_games.agent:insert_challenge:106 | task done - {'sattus': 'success'}\n", "record": {"elapsed": {"repr": "0:01:32.093325", "seconds": 92.093325}, "exception": null, "extra": {"sattus": "success"}, "file": {"name": "agent.py", "path": "/home/runner/work/epicfree/epicfree/epic/src/epic_games/agent.py"}, "function": "insert_challenge", "level": {"icon": "üêû", "name": "DEBUG", "no": 10}, "line": 106, "message": "task done", "module": "agent", "name": "epic_games.agent", "process": {"id": 3534, "name": "MainProcess"}, "thread": {"id": 140691959421824, "name": "MainThread"}, "time": {"repr": "2024-02-02 06:20:17.371297+08:00", "timestamp": 1706826017.371297}}}
{"text": "2024-02-02 06:20:49 | INFO    | epic_games.agent:claim_weekly_games:294 | claim_weekly_games - {'action': 'go to store', 'url': 'https://store.epicgames.com/en-US/p/doors-paradox-5896c7'}\n", "record": {"elapsed": {"repr": "0:02:04.261548", "seconds": 124.261548}, "exception": null, "extra": {"action": "go to store", "url": "https://store.epicgames.com/en-US/p/doors-paradox-5896c7"}, "file": {"name": "agent.py", "path": "/home/runner/work/epicfree/epicfree/epic/src/epic_games/agent.py"}, "function": "claim_weekly_games", "level": {"icon": "‚ÑπÔ∏è", "name": "INFO", "no": 20}, "line": 294, "message": "claim_weekly_games", "module": "agent", "name": "epic_games.agent", "process": {"id": 3534, "name": "MainProcess"}, "thread": {"id": 140691959421824, "name": "MainThread"}, "time": {"repr": "2024-02-02 06:20:49.539520+08:00", "timestamp": 1706826049.53952}}}
{"text": "2024-02-02 06:20:57 | INFO    | epic_games.agent:claim_weekly_games:326 | claim_weekly_games - {'action': 'move to webPurchaseContainer iframe'}\n", "record": {"elapsed": {"repr": "0:02:12.660548", "seconds": 132.660548}, "exception": null, "extra": {"action": "move to webPurchaseContainer iframe"}, "file": {"name": "agent.py", "path": "/home/runner/work/epicfree/epicfree/epic/src/epic_games/agent.py"}, "function": "claim_weekly_games", "level": {"icon": "‚ÑπÔ∏è", "name": "INFO", "no": 20}, "line": 326, "message": "claim_weekly_games", "module": "agent", "name": "epic_games.agent", "process": {"id": 3534, "name": "MainProcess"}, "thread": {"id": 140691959421824, "name": "MainThread"}, "time": {"repr": "2024-02-02 06:20:57.938520+08:00", "timestamp": 1706826057.93852}}}
{"text": "2024-02-02 06:21:00 | INFO    | epic_games.agent:claim_weekly_games:328 | claim_weekly_games - {'action': 'click payment button'}\n", "record": {"elapsed": {"repr": "0:02:15.036894", "seconds": 135.036894}, "exception": null, "extra": {"action": "click payment button"}, "file": {"name": "agent.py", "path": "/home/runner/work/epicfree/epicfree/epic/src/epic_games/agent.py"}, "function": "claim_weekly_games", "level": {"icon": "‚ÑπÔ∏è", "name": "INFO", "no": 20}, "line": 328, "message": "claim_weekly_games", "module": "agent", "name": "epic_games.agent", "process": {"id": 3534, "name": "MainProcess"}, "thread": {"id": 140691959421824, "name": "MainThread"}, "time": {"repr": "2024-02-02 06:21:00.314866+08:00", "timestamp": 1706826060.314866}}}
{"text": "2024-02-02 06:21:05 | DEBUG    | hcaptcha_challenger.agents.playwright.control:_parse_label:241 | get task - {'prompt': 'Ple–∞se click on the object that fit—ï with the background'}\n", "record": {"elapsed": {"repr": "0:02:20.039769", "seconds": 140.039769}, "exception": null, "extra": {"prompt": "Ple–∞se click on the object that fit—ï with the background"}, "file": {"name": "control.py", "path": "/opt/hostedtoolcache/Python/3.10.13/x64/lib/python3.10/site-packages/hcaptcha_challenger/agents/playwright/control.py"}, "function": "_parse_label", "level": {"icon": "üêû", "name": "DEBUG", "no": 10}, "line": 241, "message": "get task", "module": "control", "name": "hcaptcha_challenger.agents.playwright.control", "process": {"id": 3534, "name": "MainProcess"}, "thread": {"id": 140691959421824, "name": "MainThread"}, "time": {"repr": "2024-02-02 06:21:05.317741+08:00", "timestamp": 1706826065.317741}}}
{"text": "2024-02-02 06:21:10 | DEBUG    | epic_games.agent:insert_challenge:106 | task done - {'sattus': 'success'}\n", "record": {"elapsed": {"repr": "0:02:24.967980", "seconds": 144.96798}, "exception": null, "extra": {"sattus": "success"}, "file": {"name": "agent.py", "path": "/home/runner/work/epicfree/epicfree/epic/src/epic_games/agent.py"}, "function": "insert_challenge", "level": {"icon": "üêû", "name": "DEBUG", "no": 10}, "line": 106, "message": "task done", "module": "agent", "name": "epic_games.agent", "process": {"id": 3534, "name": "MainProcess"}, "thread": {"id": 140691959421824, "name": "MainThread"}, "time": {"repr": "2024-02-02 06:21:10.245952+08:00", "timestamp": 1706826070.245952}}}
{"text": "2024-02-02 06:21:42 | ERROR    | __main__:run:158 | An error has been caught in function 'run', process 'MainProcess' (3534), thread 'MainThread' (140691959421824): - {}\nTraceback (most recent call last):\n  File \"/home/runner/work/epicfree/epicfree/epic/src/claim.py\", line 151, in stash\n    await self.claim_epic_games(context)\n  File \"/home/runner/work/epicfree/epicfree/epic/src/claim.py\", line 122, in claim_epic_games\n    await epic.claim_weekly_games(page, single_promotions)\n  File \"/opt/hostedtoolcache/Python/3.10.13/x64/lib/python3.10/site-packages/tenacity/_asyncio.py\", line 88, in async_wrapped\n    return await fn(*args, **kwargs)\n  File \"/opt/hostedtoolcache/Python/3.10.13/x64/lib/python3.10/site-packages/tenacity/_asyncio.py\", line 47, in __call__\n    do = self.iter(retry_state=retry_state)\n  File \"/opt/hostedtoolcache/Python/3.10.13/x64/lib/python3.10/site-packages/tenacity/__init__.py\", line 325, in iter\n    raise retry_exc.reraise()\n  File \"/opt/hostedtoolcache/Python/3.10.13/x64/lib/python3.10/site-packages/tenacity/__init__.py\", line 158, in reraise\n    raise self.last_attempt.result()\n  File \"/opt/hostedtoolcache/Python/3.10.13/x64/lib/python3.10/concurrent/futures/_base.py\", line 451, in result\n    return self.__get_result()\n  File \"/opt/hostedtoolcache/Python/3.10.13/x64/lib/python3.10/concurrent/futures/_base.py\", line 403, in __get_result\n    raise self._exception\n  File \"/opt/hostedtoolcache/Python/3.10.13/x64/lib/python3.10/site-packages/tenacity/_asyncio.py\", line 50, in __call__\n    result = await fn(*args, **kwargs)\n  File \"/home/runner/work/epicfree/epicfree/epic/src/epic_games/agent.py\", line 338, in claim_weekly_games\n    await page.wait_for_url(recur_url)\n  File \"/opt/hostedtoolcache/Python/3.10.13/x64/lib/python3.10/site-packages/playwright/async_api/_generated.py\", line 9432, in wait_for_url\n    await self._impl_obj.wait_for_url(\n  File \"/opt/hostedtoolcache/Python/3.10.13/x64/lib/python3.10/site-packages/playwright/_impl/_page.py\", line 508, in wait_for_url\n    return await self._main_frame.wait_for_url(**locals_to_params(locals()))\n  File \"/opt/hostedtoolcache/Python/3.10.13/x64/lib/python3.10/site-packages/playwright/_impl/_frame.py\", line 237, in wait_for_url\n    async with self.expect_navigation(\n  File \"/opt/hostedtoolcache/Python/3.10.13/x64/lib/python3.10/site-packages/playwright/_impl/_event_context_manager.py\", line 33, in __aexit__\n    await self._future\n  File \"/opt/hostedtoolcache/Python/3.10.13/x64/lib/python3.10/site-packages/playwright/_impl/_frame.py\", line 212, in continuation\n    event = await waiter.result()\nplaywright._impl._errors.TimeoutError: Timeout 30000ms exceeded.\n=========================== logs ===========================\nwaiting for navigation to \"https://store.epicgames.com/en-US/cart/success\" until 'load'\n============================================================\n\nDuring handling of the above exception, another exception occurred:\n\nTraceback (most recent call last):\n  File \"/home/runner/work/epicfree/epicfree/epic/src/claim.py\", line 162, in <module>\n    asyncio.run(run())\n  File \"/opt/hostedtoolcache/Python/3.10.13/x64/lib/python3.10/asyncio/runners.py\", line 44, in run\n    return loop.run_until_complete(main)\n  File \"/opt/hostedtoolcache/Python/3.10.13/x64/lib/python3.10/asyncio/base_events.py\", line 636, in run_until_complete\n    self.run_forever()\n  File \"/opt/hostedtoolcache/Python/3.10.13/x64/lib/python3.10/asyncio/base_events.py\", line 603, in run_forever\n    self._run_once()\n  File \"/opt/hostedtoolcache/Python/3.10.13/x64/lib/python3.10/asyncio/base_events.py\", line 1909, in _run_once\n    handle._run()\n  File \"/opt/hostedtoolcache/Python/3.10.13/x64/lib/python3.10/asyncio/events.py\", line 80, in _run\n    self._context.run(self._callback, *self._args)\n> File \"/home/runner/work/epicfree/epicfree/epic/src/claim.py\", line 158, in run\n    await agent.stash()\n  File \"/home/runner/work/epicfree/epicfree/epic/src/claim.py\", line 139, in stash\n    async with async_playwright() as p:\n  File \"/opt/hostedtoolcache/Python/3.10.13/x64/lib/python3.10/site-packages/playwright/async_api/_context_manager.py\", line 58, in __aexit__\n    await self._connection.stop_async()\n  File \"/opt/hostedtoolcache/Python/3.10.13/x64/lib/python3.10/site-packages/playwright/_impl/_connection.py\", line 289, in stop_async\n    self.cleanup()\n  File \"/opt/hostedtoolcache/Python/3.10.13/x64/lib/python3.10/site-packages/playwright/_impl/_connection.py\", line 300, in cleanup\n    callback.future.set_exception(self._closed_error)\nasyncio.exceptions.InvalidStateError: invalid state\n", "record": {"elapsed": {"repr": "0:02:56.838056", "seconds": 176.838056}, "exception": {"type": "InvalidStateError", "value": "invalid state", "traceback": true}, "extra": {}, "file": {"name": "claim.py", "path": "/home/runner/work/epicfree/epicfree/epic/src/claim.py"}, "function": "run", "level": {"icon": "‚ùå", "name": "ERROR", "no": 40}, "line": 158, "message": "An error has been caught in function 'run', process 'MainProcess' (3534), thread 'MainThread' (140691959421824):", "module": "claim", "name": "__main__", "process": {"id": 3534, "name": "MainProcess"}, "thread": {"id": 140691959421824, "name": "MainThread"}, "time": {"repr": "2024-02-02 06:21:42.116028+08:00", "timestamp": 1706826102.116028}}}
