{"text": "2024-02-07 06:18:13 | INFO    | __main__:stash:131 | run - {'image': '20231121', 'version': '0.10.1.post2', 'role': 'EpicPlayer', 'headless': True}\n", "record": {"elapsed": {"repr": "0:00:01.058308", "seconds": 1.058308}, "exception": null, "extra": {"image": "20231121", "version": "0.10.1.post2", "role": "EpicPlayer", "headless": true}, "file": {"name": "claim.py", "path": "/home/runner/work/epicfree/epicfree/epic/src/claim.py"}, "function": "stash", "level": {"icon": "‚ÑπÔ∏è", "name": "INFO", "no": 20}, "line": 131, "message": "run", "module": "claim", "name": "__main__", "process": {"id": 3530, "name": "MainProcess"}, "thread": {"id": 139834911767424, "name": "MainThread"}, "time": {"repr": "2024-02-07 06:18:13.514100+08:00", "timestamp": 1707257893.5141}}}
{"text": "2024-02-07 06:18:20 | WARNING    | epic_games.agent:get_order_history:467 | Failed to get order history, cookie may have expired - {}\n", "record": {"elapsed": {"repr": "0:00:07.799473", "seconds": 7.799473}, "exception": null, "extra": {}, "file": {"name": "agent.py", "path": "/home/runner/work/epicfree/epicfree/epic/src/epic_games/agent.py"}, "function": "get_order_history", "level": {"icon": "‚ö†Ô∏è", "name": "WARNING", "no": 30}, "line": 467, "message": "Failed to get order history, cookie may have expired", "module": "agent", "name": "epic_games.agent", "process": {"id": 3530, "name": "MainProcess"}, "thread": {"id": 139834911767424, "name": "MainThread"}, "time": {"repr": "2024-02-07 06:18:20.255265+08:00", "timestamp": 1707257900.255265}}}
{"text": "2024-02-07 06:18:20 | DEBUG    | __main__:create_tasks:66 | Put task - {'title': 'Doors - Paradox', 'url': 'https://store.epicgames.com/en-US/p/doors-paradox-5896c7'}\n", "record": {"elapsed": {"repr": "0:00:08.161684", "seconds": 8.161684}, "exception": null, "extra": {"title": "Doors - Paradox", "url": "https://store.epicgames.com/en-US/p/doors-paradox-5896c7"}, "file": {"name": "claim.py", "path": "/home/runner/work/epicfree/epicfree/epic/src/claim.py"}, "function": "create_tasks", "level": {"icon": "üêû", "name": "DEBUG", "no": 10}, "line": 66, "message": "Put task", "module": "claim", "name": "__main__", "process": {"id": 3530, "name": "MainProcess"}, "thread": {"id": 139834911767424, "name": "MainThread"}, "time": {"repr": "2024-02-07 06:18:20.617476+08:00", "timestamp": 1707257900.617476}}}
{"text": "2024-02-07 06:18:28 | INFO    | epic_games.agent:claim_weekly_games:294 | claim_weekly_games - {'action': 'go to store', 'url': 'https://store.epicgames.com/en-US/p/doors-paradox-5896c7'}\n", "record": {"elapsed": {"repr": "0:00:15.585438", "seconds": 15.585438}, "exception": null, "extra": {"action": "go to store", "url": "https://store.epicgames.com/en-US/p/doors-paradox-5896c7"}, "file": {"name": "agent.py", "path": "/home/runner/work/epicfree/epicfree/epic/src/epic_games/agent.py"}, "function": "claim_weekly_games", "level": {"icon": "‚ÑπÔ∏è", "name": "INFO", "no": 20}, "line": 294, "message": "claim_weekly_games", "module": "agent", "name": "epic_games.agent", "process": {"id": 3530, "name": "MainProcess"}, "thread": {"id": 139834911767424, "name": "MainThread"}, "time": {"repr": "2024-02-07 06:18:28.041230+08:00", "timestamp": 1707257908.04123}}}
{"text": "2024-02-07 06:18:36 | INFO    | epic_games.agent:claim_weekly_games:326 | claim_weekly_games - {'action': 'move to webPurchaseContainer iframe'}\n", "record": {"elapsed": {"repr": "0:00:24.420077", "seconds": 24.420077}, "exception": null, "extra": {"action": "move to webPurchaseContainer iframe"}, "file": {"name": "agent.py", "path": "/home/runner/work/epicfree/epicfree/epic/src/epic_games/agent.py"}, "function": "claim_weekly_games", "level": {"icon": "‚ÑπÔ∏è", "name": "INFO", "no": 20}, "line": 326, "message": "claim_weekly_games", "module": "agent", "name": "epic_games.agent", "process": {"id": 3530, "name": "MainProcess"}, "thread": {"id": 139834911767424, "name": "MainThread"}, "time": {"repr": "2024-02-07 06:18:36.875869+08:00", "timestamp": 1707257916.875869}}}
{"text": "2024-02-07 06:18:39 | INFO    | epic_games.agent:claim_weekly_games:328 | claim_weekly_games - {'action': 'click payment button'}\n", "record": {"elapsed": {"repr": "0:00:26.789610", "seconds": 26.78961}, "exception": null, "extra": {"action": "click payment button"}, "file": {"name": "agent.py", "path": "/home/runner/work/epicfree/epicfree/epic/src/epic_games/agent.py"}, "function": "claim_weekly_games", "level": {"icon": "‚ÑπÔ∏è", "name": "INFO", "no": 20}, "line": 328, "message": "claim_weekly_games", "module": "agent", "name": "epic_games.agent", "process": {"id": 3530, "name": "MainProcess"}, "thread": {"id": 139834911767424, "name": "MainThread"}, "time": {"repr": "2024-02-07 06:18:39.245402+08:00", "timestamp": 1707257919.245402}}}
{"text": "2024-02-07 06:18:44 | DEBUG    | hcaptcha_challenger.agents.playwright.control:_parse_label:241 | get task - {'prompt': 'Please click on the object that differs frŒøm others.'}\n", "record": {"elapsed": {"repr": "0:00:31.792579", "seconds": 31.792579}, "exception": null, "extra": {"prompt": "Please click on the object that differs frŒøm others."}, "file": {"name": "control.py", "path": "/opt/hostedtoolcache/Python/3.10.13/x64/lib/python3.10/site-packages/hcaptcha_challenger/agents/playwright/control.py"}, "function": "_parse_label", "level": {"icon": "üêû", "name": "DEBUG", "no": 10}, "line": 241, "message": "get task", "module": "control", "name": "hcaptcha_challenger.agents.playwright.control", "process": {"id": 3530, "name": "MainProcess"}, "thread": {"id": 139834911767424, "name": "MainThread"}, "time": {"repr": "2024-02-07 06:18:44.248371+08:00", "timestamp": 1707257924.248371}}}
{"text": "2024-02-07 06:18:49 | DEBUG    | epic_games.agent:insert_challenge:106 | task done - {'sattus': 'success'}\n", "record": {"elapsed": {"repr": "0:00:37.012074", "seconds": 37.012074}, "exception": null, "extra": {"sattus": "success"}, "file": {"name": "agent.py", "path": "/home/runner/work/epicfree/epicfree/epic/src/epic_games/agent.py"}, "function": "insert_challenge", "level": {"icon": "üêû", "name": "DEBUG", "no": 10}, "line": 106, "message": "task done", "module": "agent", "name": "epic_games.agent", "process": {"id": 3530, "name": "MainProcess"}, "thread": {"id": 139834911767424, "name": "MainThread"}, "time": {"repr": "2024-02-07 06:18:49.467866+08:00", "timestamp": 1707257929.467866}}}
{"text": "2024-02-07 06:19:21 | INFO    | epic_games.agent:claim_weekly_games:294 | claim_weekly_games - {'action': 'go to store', 'url': 'https://store.epicgames.com/en-US/p/doors-paradox-5896c7'}\n", "record": {"elapsed": {"repr": "0:01:09.169559", "seconds": 69.169559}, "exception": null, "extra": {"action": "go to store", "url": "https://store.epicgames.com/en-US/p/doors-paradox-5896c7"}, "file": {"name": "agent.py", "path": "/home/runner/work/epicfree/epicfree/epic/src/epic_games/agent.py"}, "function": "claim_weekly_games", "level": {"icon": "‚ÑπÔ∏è", "name": "INFO", "no": 20}, "line": 294, "message": "claim_weekly_games", "module": "agent", "name": "epic_games.agent", "process": {"id": 3530, "name": "MainProcess"}, "thread": {"id": 139834911767424, "name": "MainThread"}, "time": {"repr": "2024-02-07 06:19:21.625351+08:00", "timestamp": 1707257961.625351}}}
{"text": "2024-02-07 06:19:30 | INFO    | epic_games.agent:claim_weekly_games:326 | claim_weekly_games - {'action': 'move to webPurchaseContainer iframe'}\n", "record": {"elapsed": {"repr": "0:01:17.617567", "seconds": 77.617567}, "exception": null, "extra": {"action": "move to webPurchaseContainer iframe"}, "file": {"name": "agent.py", "path": "/home/runner/work/epicfree/epicfree/epic/src/epic_games/agent.py"}, "function": "claim_weekly_games", "level": {"icon": "‚ÑπÔ∏è", "name": "INFO", "no": 20}, "line": 326, "message": "claim_weekly_games", "module": "agent", "name": "epic_games.agent", "process": {"id": 3530, "name": "MainProcess"}, "thread": {"id": 139834911767424, "name": "MainThread"}, "time": {"repr": "2024-02-07 06:19:30.073359+08:00", "timestamp": 1707257970.073359}}}
{"text": "2024-02-07 06:19:32 | INFO    | epic_games.agent:claim_weekly_games:328 | claim_weekly_games - {'action': 'click payment button'}\n", "record": {"elapsed": {"repr": "0:01:19.998281", "seconds": 79.998281}, "exception": null, "extra": {"action": "click payment button"}, "file": {"name": "agent.py", "path": "/home/runner/work/epicfree/epicfree/epic/src/epic_games/agent.py"}, "function": "claim_weekly_games", "level": {"icon": "‚ÑπÔ∏è", "name": "INFO", "no": 20}, "line": 328, "message": "claim_weekly_games", "module": "agent", "name": "epic_games.agent", "process": {"id": 3530, "name": "MainProcess"}, "thread": {"id": 139834911767424, "name": "MainThread"}, "time": {"repr": "2024-02-07 06:19:32.454073+08:00", "timestamp": 1707257972.454073}}}
{"text": "2024-02-07 06:19:37 | DEBUG    | hcaptcha_challenger.agents.playwright.control:_parse_label:241 | get task - {'prompt': 'Please click on the obœ≥–µct that differs from others.'}\n", "record": {"elapsed": {"repr": "0:01:25.000613", "seconds": 85.000613}, "exception": null, "extra": {"prompt": "Please click on the obœ≥–µct that differs from others."}, "file": {"name": "control.py", "path": "/opt/hostedtoolcache/Python/3.10.13/x64/lib/python3.10/site-packages/hcaptcha_challenger/agents/playwright/control.py"}, "function": "_parse_label", "level": {"icon": "üêû", "name": "DEBUG", "no": 10}, "line": 241, "message": "get task", "module": "control", "name": "hcaptcha_challenger.agents.playwright.control", "process": {"id": 3530, "name": "MainProcess"}, "thread": {"id": 139834911767424, "name": "MainThread"}, "time": {"repr": "2024-02-07 06:19:37.456405+08:00", "timestamp": 1707257977.456405}}}
{"text": "2024-02-07 06:19:42 | DEBUG    | epic_games.agent:insert_challenge:106 | task done - {'sattus': 'success'}\n", "record": {"elapsed": {"repr": "0:01:29.878412", "seconds": 89.878412}, "exception": null, "extra": {"sattus": "success"}, "file": {"name": "agent.py", "path": "/home/runner/work/epicfree/epicfree/epic/src/epic_games/agent.py"}, "function": "insert_challenge", "level": {"icon": "üêû", "name": "DEBUG", "no": 10}, "line": 106, "message": "task done", "module": "agent", "name": "epic_games.agent", "process": {"id": 3530, "name": "MainProcess"}, "thread": {"id": 139834911767424, "name": "MainThread"}, "time": {"repr": "2024-02-07 06:19:42.334204+08:00", "timestamp": 1707257982.334204}}}
{"text": "2024-02-07 06:20:14 | INFO    | epic_games.agent:claim_weekly_games:294 | claim_weekly_games - {'action': 'go to store', 'url': 'https://store.epicgames.com/en-US/p/doors-paradox-5896c7'}\n", "record": {"elapsed": {"repr": "0:02:02.038124", "seconds": 122.038124}, "exception": null, "extra": {"action": "go to store", "url": "https://store.epicgames.com/en-US/p/doors-paradox-5896c7"}, "file": {"name": "agent.py", "path": "/home/runner/work/epicfree/epicfree/epic/src/epic_games/agent.py"}, "function": "claim_weekly_games", "level": {"icon": "‚ÑπÔ∏è", "name": "INFO", "no": 20}, "line": 294, "message": "claim_weekly_games", "module": "agent", "name": "epic_games.agent", "process": {"id": 3530, "name": "MainProcess"}, "thread": {"id": 139834911767424, "name": "MainThread"}, "time": {"repr": "2024-02-07 06:20:14.493916+08:00", "timestamp": 1707258014.493916}}}
{"text": "2024-02-07 06:20:23 | INFO    | epic_games.agent:claim_weekly_games:326 | claim_weekly_games - {'action': 'move to webPurchaseContainer iframe'}\n", "record": {"elapsed": {"repr": "0:02:10.675326", "seconds": 130.675326}, "exception": null, "extra": {"action": "move to webPurchaseContainer iframe"}, "file": {"name": "agent.py", "path": "/home/runner/work/epicfree/epicfree/epic/src/epic_games/agent.py"}, "function": "claim_weekly_games", "level": {"icon": "‚ÑπÔ∏è", "name": "INFO", "no": 20}, "line": 326, "message": "claim_weekly_games", "module": "agent", "name": "epic_games.agent", "process": {"id": 3530, "name": "MainProcess"}, "thread": {"id": 139834911767424, "name": "MainThread"}, "time": {"repr": "2024-02-07 06:20:23.131118+08:00", "timestamp": 1707258023.131118}}}
{"text": "2024-02-07 06:20:25 | INFO    | epic_games.agent:claim_weekly_games:328 | claim_weekly_games - {'action': 'click payment button'}\n", "record": {"elapsed": {"repr": "0:02:13.043177", "seconds": 133.043177}, "exception": null, "extra": {"action": "click payment button"}, "file": {"name": "agent.py", "path": "/home/runner/work/epicfree/epicfree/epic/src/epic_games/agent.py"}, "function": "claim_weekly_games", "level": {"icon": "‚ÑπÔ∏è", "name": "INFO", "no": 20}, "line": 328, "message": "claim_weekly_games", "module": "agent", "name": "epic_games.agent", "process": {"id": 3530, "name": "MainProcess"}, "thread": {"id": 139834911767424, "name": "MainThread"}, "time": {"repr": "2024-02-07 06:20:25.498969+08:00", "timestamp": 1707258025.498969}}}
{"text": "2024-02-07 06:20:30 | DEBUG    | hcaptcha_challenger.agents.playwright.control:_parse_label:241 | get task - {'prompt': 'Please click on the obje—Åt that differs from others.'}\n", "record": {"elapsed": {"repr": "0:02:18.045462", "seconds": 138.045462}, "exception": null, "extra": {"prompt": "Please click on the obje—Åt that differs from others."}, "file": {"name": "control.py", "path": "/opt/hostedtoolcache/Python/3.10.13/x64/lib/python3.10/site-packages/hcaptcha_challenger/agents/playwright/control.py"}, "function": "_parse_label", "level": {"icon": "üêû", "name": "DEBUG", "no": 10}, "line": 241, "message": "get task", "module": "control", "name": "hcaptcha_challenger.agents.playwright.control", "process": {"id": 3530, "name": "MainProcess"}, "thread": {"id": 139834911767424, "name": "MainThread"}, "time": {"repr": "2024-02-07 06:20:30.501254+08:00", "timestamp": 1707258030.501254}}}
{"text": "2024-02-07 06:20:35 | DEBUG    | epic_games.agent:insert_challenge:106 | task done - {'sattus': 'success'}\n", "record": {"elapsed": {"repr": "0:02:22.953019", "seconds": 142.953019}, "exception": null, "extra": {"sattus": "success"}, "file": {"name": "agent.py", "path": "/home/runner/work/epicfree/epicfree/epic/src/epic_games/agent.py"}, "function": "insert_challenge", "level": {"icon": "üêû", "name": "DEBUG", "no": 10}, "line": 106, "message": "task done", "module": "agent", "name": "epic_games.agent", "process": {"id": 3530, "name": "MainProcess"}, "thread": {"id": 139834911767424, "name": "MainThread"}, "time": {"repr": "2024-02-07 06:20:35.408811+08:00", "timestamp": 1707258035.408811}}}
{"text": "2024-02-07 06:21:07 | ERROR    | __main__:run:158 | An error has been caught in function 'run', process 'MainProcess' (3530), thread 'MainThread' (139834911767424): - {}\nTraceback (most recent call last):\n  File \"/home/runner/work/epicfree/epicfree/epic/src/claim.py\", line 151, in stash\n    await self.claim_epic_games(context)\n  File \"/home/runner/work/epicfree/epicfree/epic/src/claim.py\", line 122, in claim_epic_games\n    await epic.claim_weekly_games(page, single_promotions)\n  File \"/opt/hostedtoolcache/Python/3.10.13/x64/lib/python3.10/site-packages/tenacity/_asyncio.py\", line 88, in async_wrapped\n    return await fn(*args, **kwargs)\n  File \"/opt/hostedtoolcache/Python/3.10.13/x64/lib/python3.10/site-packages/tenacity/_asyncio.py\", line 47, in __call__\n    do = self.iter(retry_state=retry_state)\n  File \"/opt/hostedtoolcache/Python/3.10.13/x64/lib/python3.10/site-packages/tenacity/__init__.py\", line 325, in iter\n    raise retry_exc.reraise()\n  File \"/opt/hostedtoolcache/Python/3.10.13/x64/lib/python3.10/site-packages/tenacity/__init__.py\", line 158, in reraise\n    raise self.last_attempt.result()\n  File \"/opt/hostedtoolcache/Python/3.10.13/x64/lib/python3.10/concurrent/futures/_base.py\", line 451, in result\n    return self.__get_result()\n  File \"/opt/hostedtoolcache/Python/3.10.13/x64/lib/python3.10/concurrent/futures/_base.py\", line 403, in __get_result\n    raise self._exception\n  File \"/opt/hostedtoolcache/Python/3.10.13/x64/lib/python3.10/site-packages/tenacity/_asyncio.py\", line 50, in __call__\n    result = await fn(*args, **kwargs)\n  File \"/home/runner/work/epicfree/epicfree/epic/src/epic_games/agent.py\", line 338, in claim_weekly_games\n    await page.wait_for_url(recur_url)\n  File \"/opt/hostedtoolcache/Python/3.10.13/x64/lib/python3.10/site-packages/playwright/async_api/_generated.py\", line 9432, in wait_for_url\n    await self._impl_obj.wait_for_url(\n  File \"/opt/hostedtoolcache/Python/3.10.13/x64/lib/python3.10/site-packages/playwright/_impl/_page.py\", line 508, in wait_for_url\n    return await self._main_frame.wait_for_url(**locals_to_params(locals()))\n  File \"/opt/hostedtoolcache/Python/3.10.13/x64/lib/python3.10/site-packages/playwright/_impl/_frame.py\", line 237, in wait_for_url\n    async with self.expect_navigation(\n  File \"/opt/hostedtoolcache/Python/3.10.13/x64/lib/python3.10/site-packages/playwright/_impl/_event_context_manager.py\", line 33, in __aexit__\n    await self._future\n  File \"/opt/hostedtoolcache/Python/3.10.13/x64/lib/python3.10/site-packages/playwright/_impl/_frame.py\", line 212, in continuation\n    event = await waiter.result()\nplaywright._impl._errors.TimeoutError: Timeout 30000ms exceeded.\n=========================== logs ===========================\nwaiting for navigation to \"https://store.epicgames.com/en-US/cart/success\" until 'load'\n============================================================\n\nDuring handling of the above exception, another exception occurred:\n\nTraceback (most recent call last):\n  File \"/home/runner/work/epicfree/epicfree/epic/src/claim.py\", line 162, in <module>\n    asyncio.run(run())\n  File \"/opt/hostedtoolcache/Python/3.10.13/x64/lib/python3.10/asyncio/runners.py\", line 44, in run\n    return loop.run_until_complete(main)\n  File \"/opt/hostedtoolcache/Python/3.10.13/x64/lib/python3.10/asyncio/base_events.py\", line 636, in run_until_complete\n    self.run_forever()\n  File \"/opt/hostedtoolcache/Python/3.10.13/x64/lib/python3.10/asyncio/base_events.py\", line 603, in run_forever\n    self._run_once()\n  File \"/opt/hostedtoolcache/Python/3.10.13/x64/lib/python3.10/asyncio/base_events.py\", line 1909, in _run_once\n    handle._run()\n  File \"/opt/hostedtoolcache/Python/3.10.13/x64/lib/python3.10/asyncio/events.py\", line 80, in _run\n    self._context.run(self._callback, *self._args)\n> File \"/home/runner/work/epicfree/epicfree/epic/src/claim.py\", line 158, in run\n    await agent.stash()\n  File \"/home/runner/work/epicfree/epicfree/epic/src/claim.py\", line 139, in stash\n    async with async_playwright() as p:\n  File \"/opt/hostedtoolcache/Python/3.10.13/x64/lib/python3.10/site-packages/playwright/async_api/_context_manager.py\", line 58, in __aexit__\n    await self._connection.stop_async()\n  File \"/opt/hostedtoolcache/Python/3.10.13/x64/lib/python3.10/site-packages/playwright/_impl/_connection.py\", line 289, in stop_async\n    self.cleanup()\n  File \"/opt/hostedtoolcache/Python/3.10.13/x64/lib/python3.10/site-packages/playwright/_impl/_connection.py\", line 300, in cleanup\n    callback.future.set_exception(self._closed_error)\nasyncio.exceptions.InvalidStateError: invalid state\n", "record": {"elapsed": {"repr": "0:02:54.789839", "seconds": 174.789839}, "exception": {"type": "InvalidStateError", "value": "invalid state", "traceback": true}, "extra": {}, "file": {"name": "claim.py", "path": "/home/runner/work/epicfree/epicfree/epic/src/claim.py"}, "function": "run", "level": {"icon": "‚ùå", "name": "ERROR", "no": 40}, "line": 158, "message": "An error has been caught in function 'run', process 'MainProcess' (3530), thread 'MainThread' (139834911767424):", "module": "claim", "name": "__main__", "process": {"id": 3530, "name": "MainProcess"}, "thread": {"id": 139834911767424, "name": "MainThread"}, "time": {"repr": "2024-02-07 06:21:07.245631+08:00", "timestamp": 1707258067.245631}}}
